build/outputs/apk/manifest-merger-release-report.txt
-- Merging decision tree log ---
manifest
ADDED from AndroidManifest.xml:2:1
	package
		ADDED from AndroidManifest.xml:3:5
	android:versionName
		ADDED from AndroidManifest.xml:5:5
	android:versionCode
		ADDED from AndroidManifest.xml:4:5
		INJECTED from AndroidManifest.xml:0:0
		INJECTED from AndroidManifest.xml:0:0
	xmlns:android
		ADDED from AndroidManifest.xml:2:11
uses-sdk
ADDED from AndroidManifest.xml:7:5
	android:minSdkVersion
		ADDED from AndroidManifest.xml:7:15
application
ADDED from AndroidManifest.xml:9:5
	android:label
		ADDED from AndroidManifest.xml:11:9
	android:icon
		ADDED from AndroidManifest.xml:10:9
activity#com.qin.zdlock.MainActivity
ADDED from AndroidManifest.xml:12:9
	android:label
		ADDED from AndroidManifest.xml:14:13
	android:launchMode
		ADDED from AndroidManifest.xml:15:13
	android:theme
		ADDED from AndroidManifest.xml:16:13
	android:name
		ADDED from AndroidManifest.xml:13:13
intent-filter#android.intent.action.MAIN+android.intent.category.LAUNCHER
ADDED from AndroidManifest.xml:18:13
action#android.intent.action.MAIN
ADDED from AndroidManifest.xml:19:17
	android:name
		ADDED from AndroidManifest.xml:19:25
category#android.intent.category.LAUNCHER
ADDED from AndroidManifest.xml:21:17
	android:name
		ADDED from AndroidManifest.xml:21:27
activity#com.qin.zdlock.Tools
ADDED from AndroidManifest.xml:25:9
	android:label
		ADDED from AndroidManifest.xml:27:13
	android:launchMode
		ADDED from AndroidManifest.xml:28:13
	android:theme
		ADDED from AndroidManifest.xml:29:13
	android:name
		ADDED from AndroidManifest.xml:26:13
activity#com.qin.zdlock.Emergency
ADDED from AndroidManifest.xml:31:9
	android:label
		ADDED from AndroidManifest.xml:33:13
	android:launchMode
		ADDED from AndroidManifest.xml:34:13
	android:theme
		ADDED from AndroidManifest.xml:35:13
	android:name
		ADDED from AndroidManifest.xml:32:13
activity#com.qin.zdlock.GameMain
ADDED from AndroidManifest.xml:38:9
	android:label
		ADDED from AndroidManifest.xml:40:13
	android:launchMode
		ADDED from AndroidManifest.xml:41:13
	android:theme
		ADDED from AndroidManifest.xml:42:13
	android:name
		ADDED from AndroidManifest.xml:39:13
activity#com.qin.zdlock.GameInterface
ADDED from AndroidManifest.xml:44:9
	android:label
		ADDED from AndroidManifest.xml:46:13
	android:launchMode
		ADDED from AndroidManifest.xml:47:13
	android:theme
		ADDED from AndroidManifest.xml:48:13
	android:name
		ADDED from AndroidManifest.xml:45:13
activity#com.qin.zdlock.OtherActivity
ADDED from AndroidManifest.xml:54:9
	android:label
		ADDED from AndroidManifest.xml:56:13
	android:theme
		ADDED from AndroidManifest.xml:57:13
	android:name
		ADDED from AndroidManifest.xml:55:13
service#com.qin.zdlock.ZdLockService
ADDED from AndroidManifest.xml:64:9
	android:name
		ADDED from AndroidManifest.xml:64:18
receiver#com.qin.zdlock.StartServiceReceiver
ADDED from AndroidManifest.xml:69:9
	android:name
		ADDED from AndroidManifest.xml:69:19
intent-filter#android.intent.action.BOOT_COMPLETED+android.intent.category.LAUNCHER
ADDED from AndroidManifest.xml:70:13
action#android.intent.action.BOOT_COMPLETED
ADDED from AndroidManifest.xml:71:17
	android:name
		ADDED from AndroidManifest.xml:71:25
service#com.qin.zdlock.testService
ADDED from AndroidManifest.xml:76:9
	android:name
		ADDED from AndroidManifest.xml:76:18
service#com.qin.zdlock.GPSServiceReal
ADDED from AndroidManifest.xml:80:9
	android:name
		ADDED from AndroidManifest.xml:80:18
activity#com.qin.zdlock.testActivity
ADDED from AndroidManifest.xml:83:9
	android:label
		ADDED from AndroidManifest.xml:85:13
	android:name
		ADDED from AndroidManifest.xml:84:13
receiver#com.umeng.message.NotificationProxyBroadcastReceiver
ADDED from AndroidManifest.xml:92:9
	android:exported
		ADDED from AndroidManifest.xml:94:13
	android:name
		ADDED from AndroidManifest.xml:93:13
receiver#com.umeng.message.RegistrationReceiver
ADDED from AndroidManifest.xml:96:9
	android:name
		ADDED from AndroidManifest.xml:96:19
intent-filter#android.intent.action.BOOT_COMPLETED
ADDED from AndroidManifest.xml:97:13
intent-filter#android.net.conn.CONNECTIVITY_CHANGE
ADDED from AndroidManifest.xml:100:13
action#android.net.conn.CONNECTIVITY_CHANGE
ADDED from AndroidManifest.xml:101:17
	android:name
		ADDED from AndroidManifest.xml:101:25
intent-filter#android.intent.action.PACKAGE_REMOVED
ADDED from AndroidManifest.xml:103:13
action#android.intent.action.PACKAGE_REMOVED
ADDED from AndroidManifest.xml:104:17
	android:name
		ADDED from AndroidManifest.xml:104:25
data
ADDED from AndroidManifest.xml:106:17
	android:scheme
		ADDED from AndroidManifest.xml:106:23
receiver#com.umeng.message.UmengBroadcastReceiver
ADDED from AndroidManifest.xml:109:9
	android:name
		ADDED from AndroidManifest.xml:109:19
intent-filter#org.agoo.android.intent.action.RECEIVE
ADDED from AndroidManifest.xml:110:13
action#org.agoo.android.intent.action.RECEIVE
ADDED from AndroidManifest.xml:111:17
	android:name
		ADDED from AndroidManifest.xml:111:25
intent-filter#com.umeng.message.intent.action.COMMAND
ADDED from AndroidManifest.xml:113:13
action#com.umeng.message.intent.action.COMMAND
ADDED from AndroidManifest.xml:114:17
	android:name
		ADDED from AndroidManifest.xml:114:25
intent-filter#org.agoo.android.intent.action.RE_ELECTION_V2
ADDED from AndroidManifest.xml:116:13
action#org.agoo.android.intent.action.RE_ELECTION_V2
ADDED from AndroidManifest.xml:117:17
	android:name
		ADDED from AndroidManifest.xml:117:25
receiver#com.umeng.message.BootBroadcastReceiver
ADDED from AndroidManifest.xml:120:9
	android:name
		ADDED from AndroidManifest.xml:120:19
service#com.umeng.message.UmengService
ADDED from AndroidManifest.xml:126:9
	android:process
		ADDED from AndroidManifest.xml:130:13
	android:label
		ADDED from AndroidManifest.xml:128:13
	android:exported
		ADDED from AndroidManifest.xml:129:13
	android:name
		ADDED from AndroidManifest.xml:127:13
intent-filter#com.umeng.message.intent.action.START
ADDED from AndroidManifest.xml:131:13
action#com.umeng.message.intent.action.START
ADDED from AndroidManifest.xml:132:17
	android:name
		ADDED from AndroidManifest.xml:132:25
intent-filter#com.umeng.message.intent.action.COCKROACH
ADDED from AndroidManifest.xml:134:13
action#com.umeng.message.intent.action.COCKROACH
ADDED from AndroidManifest.xml:135:17
	android:name
		ADDED from AndroidManifest.xml:135:25
intent-filter#org.agoo.android.intent.action.PING
ADDED from AndroidManifest.xml:137:13
action#org.agoo.android.intent.action.PING
ADDED from AndroidManifest.xml:138:17
	android:name
		ADDED from AndroidManifest.xml:138:25
service#org.android.agoo.service.ElectionService
ADDED from AndroidManifest.xml:141:9
	android:process
		ADDED from AndroidManifest.xml:144:13
	android:exported
		ADDED from AndroidManifest.xml:143:13
	android:name
		ADDED from AndroidManifest.xml:142:13
intent-filter#org.agoo.android.intent.action.ELECTION_V2
ADDED from AndroidManifest.xml:145:13
action#org.agoo.android.intent.action.ELECTION_V2
ADDED from AndroidManifest.xml:146:17
	android:name
		ADDED from AndroidManifest.xml:146:25
service#com.umeng.message.UmengIntentService
ADDED from AndroidManifest.xml:149:9
	android:name
		ADDED from AndroidManifest.xml:149:18
meta-data#UMENG_APPKEY
ADDED from AndroidManifest.xml:151:9
	android:value
		ADDED from AndroidManifest.xml:153:13
	android:name
		ADDED from AndroidManifest.xml:152:13
meta-data#UMENG_MESSAGE_SECRET
ADDED from AndroidManifest.xml:156:9
	android:value
		ADDED from AndroidManifest.xml:158:13
	android:name
		ADDED from AndroidManifest.xml:157:13
meta-data#UMENG_CHANNEL
ADDED from AndroidManifest.xml:160:9
	android:value
		ADDED from AndroidManifest.xml:162:13
	android:name
		ADDED from AndroidManifest.xml:161:13
service#com.umeng.message.UmengDownloadResourceService
ADDED from AndroidManifest.xml:166:9
	android:name
		ADDED from AndroidManifest.xml:166:18
uses-permission#android.permission.DISABLE_KEYGUARD
ADDED from AndroidManifest.xml:173:5
	android:name
		ADDED from AndroidManifest.xml:173:22
uses-permission#android.permission.CALL_PHONE
ADDED from AndroidManifest.xml:175:5
	android:name
		ADDED from AndroidManifest.xml:175:22
uses-permission#android.permission.VIBRATE
ADDED from AndroidManifest.xml:177:5
	android:name
		ADDED from AndroidManifest.xml:177:22
uses-permission#android.permission.RECEIVE_BOOT_COMPLETED
ADDED from AndroidManifest.xml:180:5
	android:name
		ADDED from AndroidManifest.xml:180:22
uses-permission#android.permission.READ_CONTACTS
ADDED from AndroidManifest.xml:182:5
	android:name
		ADDED from AndroidManifest.xml:182:22
uses-permission#android.permission.WRITE_CONTACTS
ADDED from AndroidManifest.xml:183:5
	android:name
		ADDED from AndroidManifest.xml:183:22
uses-permission#android.permission.READ_SMS
ADDED from AndroidManifest.xml:184:5
	android:name
		ADDED from AndroidManifest.xml:184:22
uses-permission#android.permission.ACCESS_FINE_LOCATION
ADDED from AndroidManifest.xml:185:5
	android:name
		ADDED from AndroidManifest.xml:185:22
uses-permission#android.permission.SYSTEM_ALERT_WINDOW
ADDED from AndroidManifest.xml:186:5
	android:name
		ADDED from AndroidManifest.xml:186:22
uses-permission#android.permission.SYSTEM_OVERLAY_WINDOW
ADDED from AndroidManifest.xml:187:5
	android:name
		ADDED from AndroidManifest.xml:187:22
uses-permission#android.permission.GET_TASKS
ADDED from AndroidManifest.xml:190:5
	android:name
		ADDED from AndroidManifest.xml:190:22
uses-permission#android.permission.RECEIVE_SMS
ADDED from AndroidManifest.xml:192:5
	android:name
		ADDED from AndroidManifest.xml:192:22
uses-permission#android.permission.READ_PHONE_STATE
ADDED from AndroidManifest.xml:197:5
	android:name
		ADDED from AndroidManifest.xml:197:22
uses-permission#com.android.browser.permission.READ_HISTORY_BOOKMARKS
ADDED from AndroidManifest.xml:199:5
	android:name
		ADDED from AndroidManifest.xml:199:22
uses-permission#android.permission.ACCESS_NETWORK_STATE
ADDED from AndroidManifest.xml:211:5
	android:name
		ADDED from AndroidManifest.xml:211:22
uses-permission#android.permission.ACCESS_WIFI_STATE
ADDED from AndroidManifest.xml:212:5
	android:name
		ADDED from AndroidManifest.xml:212:22
uses-permission#android.permission.INTERNET
ADDED from AndroidManifest.xml:213:5
	android:name
		ADDED from AndroidManifest.xml:213:22
uses-permission#android.permission.WRITE_EXTERNAL_STORAGE
ADDED from AndroidManifest.xml:221:5
	android:name
		ADDED from AndroidManifest.xml:221:22
uses-permission#android.permission.WAKE_LOCK
ADDED from AndroidManifest.xml:222:5
	android:name
		ADDED from AndroidManifest.xml:222:22
uses-permission#android.permission.WRITE_SETTINGS
ADDED from AndroidManifest.xml:224:5
	android:name
		ADDED from AndroidManifest.xml:224:22
android:uses-permission#android.permission.WRITE_EXTERNAL_STORAGE
ADDED from AndroidManifest.xml:236:5
	android:maxSdkVersion
		ADDED from AndroidManifest.xml:238:9
	android:name
		ADDED from AndroidManifest.xml:237:9
android:uses-permission#android.permission.READ_EXTERNAL_STORAGE
ADDED from AndroidManifest.xml:239:5
	android:maxSdkVersion
		ADDED from AndroidManifest.xml:241:9
	android:name
		ADDED from AndroidManifest.xml:240:9